2026-04-17 09:35:35,215 INFO:main.py:246:print_splash_screen:PDB2PQR v3.7.1: biomolecular structure conversion software.
2026-04-17 09:35:35,215 INFO:main.py:248:print_splash_screen:Please cite:  Jurrus E, et al.  Improvements to the APBS biomolecular solvation software suite.  Protein Sci 27 112-128 (2018).
2026-04-17 09:35:35,215 INFO:main.py:248:print_splash_screen:Please cite:  Dolinsky TJ, et al.  PDB2PQR: expanding and upgrading automated preparation of biomolecular structures for molecular simulations. Nucleic Acids Res 35 W522-W525 (2007).
2026-04-17 09:35:35,215 INFO:main.py:770:main_driver:Checking and transforming input arguments.
2026-04-17 09:35:35,215 INFO:main.py:774:main_driver:Loading topology files.
2026-04-17 09:35:35,233 INFO:main.py:776:main_driver:Loading molecule: /Volumes/PortableSSD/untitled folder/CRYPTAD/04_virtual_screening/selectivity/receptors/BACE1/receptor_clean.pdb
2026-04-17 09:35:35,244 INFO:main.py:779:main_driver:Dropping water from structure.
2026-04-17 09:35:35,246 INFO:main.py:781:main_driver:Setting up molecule.
2026-04-17 09:35:35,257 INFO:main.py:423:setup_molecule:Created biomolecule object with 779 residues and 6112 atoms.
2026-04-17 09:35:35,257 INFO:main.py:785:main_driver:Setting termini states for biomolecule chains.
2026-04-17 09:35:35,263 INFO:main.py:616:non_trivial:Loading forcefield.
2026-04-17 09:35:35,265 INFO:main.py:620:non_trivial:Loading hydrogen topology definitions.
2026-04-17 09:35:35,267 WARNING:biomolecule.py:157:num_missing_heavy:Missing atom OXT in residue ILE A 447
2026-04-17 09:35:35,268 WARNING:biomolecule.py:157:num_missing_heavy:Missing atom OXT in residue ASN B 446
2026-04-17 09:35:35,268 WARNING:biomolecule.py:157:num_missing_heavy:Missing atom OXT in residue ILE A 447
2026-04-17 09:35:35,269 WARNING:biomolecule.py:157:num_missing_heavy:Missing atom OXT in residue ASN B 446
2026-04-17 09:35:35,269 INFO:main.py:630:non_trivial:Attempting to repair 2 missing atoms in biomolecule.
2026-04-17 09:35:35,270 WARNING:biomolecule.py:157:num_missing_heavy:Missing atom OXT in residue ILE A 447
2026-04-17 09:35:35,270 WARNING:biomolecule.py:157:num_missing_heavy:Missing atom OXT in residue ASN B 446
2026-04-17 09:35:35,271 INFO:biomolecule.py:1080:repair_heavy:Added atom OXT to residue ILE A 447 at coordinates 7.092, 16.913, 41.305
2026-04-17 09:35:35,271 INFO:biomolecule.py:1080:repair_heavy:Added atom OXT to residue ASN B 446 at coordinates 33.647, 31.653, 74.918
2026-04-17 09:35:35,271 INFO:main.py:635:non_trivial:Updating disulfide bridges.
2026-04-17 09:35:35,272 INFO:main.py:661:non_trivial:Adding hydrogens to biomolecule.
2026-04-17 09:35:35,539 INFO:main.py:666:non_trivial:Optimizing hydrogen bonds
2026-04-17 09:35:36,120 INFO:main.py:678:non_trivial:Applying force field to biomolecule states.
2026-04-17 09:35:36,125 INFO:main.py:725:non_trivial:Regenerating headers.
2026-04-17 09:35:36,126 INFO:main.py:750:non_trivial:Regenerating PDB lines.
2026-04-17 09:35:36,150 WARNING:main.py:326:print_pqr:Ignoring 392 header lines in output.
2026-04-17 09:35:36,183 WARNING:main.py:369:print_pdb:Ignoring 392 header lines in output.
