[INFO] Console - predicting pockets for proteins from dataset [protein_ref.pdb]
[INFO] PredictPocketsRoutine - outdir: 03_pocket_analysis/p2rank_results/reference
[INFO] Model - Loading model from directory (v3 format): /Volumes/PortableSSD/untitled folder/CRYPTAD/p2rank_2.5.1/models/default
[INFO] FeatureSetup - enabledFeatures: [chem, volsite, protrusion, bfactor, atom_table]
[INFO] Dataset - processing dataset [protein_ref.pdb] using 0 threads
[INFO] Dataset - 
------------------------------------------------------------------------------------------------------------------------
processing [protein_ref.pdb] (1/1)
------------------------------------------------------------------------------------------------------------------------

[INFO] Console - processing [protein_ref.pdb] (1/1)
[INFO] Protein - loading protein [/Volumes/PortableSSD/untitled folder/CRYPTAD/03_pocket_analysis/fpocket_results/S1_BIN1_BAR/run1/protein_ref.pdb]
[INFO] PdbUtils - loading file [03_pocket_analysis/fpocket_results/S1_BIN1_BAR/run1/protein_ref.pdb]
[INFO] Struct - all groups in chain A: 191
[WARN] Struct - group 113 (HSD) considered non-protein
[WARN] Struct - group 114 (HSD) considered non-protein
[INFO] Struct - all groups in chain B: 201
[WARN] Struct - group 115 (HSD) considered non-protein
[WARN] Struct - group 116 (HSD) considered non-protein
[INFO] Struct - all groups in chain A: 191
[WARN] Struct - group 113 (HSD) considered non-protein
[WARN] Struct - group 114 (HSD) considered non-protein
[INFO] Struct - 189 groups in chain A
[INFO] Struct - all groups in chain B: 201
[WARN] Struct - group 115 (HSD) considered non-protein
[WARN] Struct - group 116 (HSD) considered non-protein
[INFO] Struct - 199 groups in chain B
[INFO] Protein - structure atoms: 6402
[INFO] Protein - protein   atoms: 3140
[INFO] Protein - ignoring ligands
[INFO] FeatureSetup - enabledFeatures: [chem, volsite, protrusion, bfactor, atom_table]
[INFO] Protein - SAS points: 8274
[INFO] Protein - exposed protein atoms: 2419 of 3140
[INFO] SLinkClusterer - clustering [82] elements
[INFO] SLinkClusterer - clusters: [id:2( 1 ), id:5( 1 ), id:8( 4 ), id:14( 1 ), id:16( 3 ), id:25( 2 ), id:26( 2 ), id:27( 5 ), id:30( 2 ), id:31( 6 ), id:35( 1 ), id:36( 1 ), id:38( 11 ), id:44( 2 ), id:45( 1 ), id:57( 2 ), id:59( 1 ), id:60( 1 ), id:63( 1 ), id:69( 1 ), id:70( 4 ), id:73( 4 ), id:74( 1 ), id:75( 24 )]
[INFO] SLinkClusterer - clusters together: 82 / 82
[INFO] PocketPredictor - PREDICTING POCKETS.... ====================================
[INFO] PocketPredictor - SAS POINTS: 8274
[INFO] PocketPredictor - LIGANDABLE POINTS: 82
[INFO] PocketPredictor - CLUSTERS: 24
[INFO] PocketPredictor - FILTERED CLUSTERS: 8
[INFO] PocketPredictor - pocket 1 -  surf_atoms:  33   points:  24   score:    7.7
[INFO] PocketPredictor - pocket 2 -  surf_atoms:  18   points:  11   score:    3.4
[INFO] PocketPredictor - pocket 3 -  surf_atoms:  16   points:   6   score:    1.8
[INFO] PocketPredictor - pocket 4 -  surf_atoms:  18   points:   4   score:    1.4
[INFO] PocketPredictor - pocket 5 -  surf_atoms:  13   points:   5   score:    1.4
[INFO] PocketPredictor - pocket 6 -  surf_atoms:  12   points:   4   score:    1.4
[INFO] PocketPredictor - pocket 7 -  surf_atoms:  11   points:   4   score:    0.9
[INFO] PocketPredictor - pocket 8 -  surf_atoms:  12   points:   3   score:    0.7
[INFO] PredictionVisualizer - copying [/Volumes/PortableSSD/untitled folder/CRYPTAD/03_pocket_analysis/fpocket_results/S1_BIN1_BAR/run1/protein_ref.pdb] to [03_pocket_analysis/p2rank_results/reference/visualizations/data/protein_ref.pdb]
[INFO] Console - predicting pockets finished in 0 hours 0 minutes 1.385 seconds
[INFO] Console - results saved to directory [/Volumes/PortableSSD/untitled folder/CRYPTAD/03_pocket_analysis/p2rank_results/reference]
[INFO] Console - 
[INFO] Console - Finished successfully in 0 hours 0 minutes 1.755 seconds.
