[INFO] Console - predicting pockets for proteins from dataset [site473_frame384.pdb]
[INFO] PredictPocketsRoutine - outdir: 03_pocket_analysis/p2rank_results/cryptic_frames
[INFO] Model - Loading model from directory (v3 format): /Volumes/PortableSSD/untitled folder/CRYPTAD/p2rank_2.5.1/models/default
[INFO] FeatureSetup - enabledFeatures: [chem, volsite, protrusion, bfactor, atom_table]
[INFO] Dataset - processing dataset [site473_frame384.pdb] using 0 threads
[INFO] Dataset - 
------------------------------------------------------------------------------------------------------------------------
processing [site473_frame384.pdb] (1/1)
------------------------------------------------------------------------------------------------------------------------

[INFO] Console - processing [site473_frame384.pdb] (1/1)
[INFO] Protein - loading protein [/Volumes/PortableSSD/untitled folder/CRYPTAD/03_pocket_analysis/cryptic_inspection/S3_PICALM_ANTH/site473_frame384.pdb]
[INFO] PdbUtils - loading file [03_pocket_analysis/cryptic_inspection/S3_PICALM_ANTH/site473_frame384.pdb]
[INFO] Struct - all groups in chain  : 268
[WARN] Struct - group 64 (HSD) considered non-protein
[WARN] Struct - group 65 (HSD) considered non-protein
[INFO] Struct - all groups in chain  : 268
[WARN] Struct - group 64 (HSD) considered non-protein
[WARN] Struct - group 65 (HSD) considered non-protein
[INFO] Struct - 266 groups in chain  
[INFO] Protein - structure atoms: 4328
[INFO] Protein - protein   atoms: 2094
[INFO] Protein - ignoring ligands
[INFO] FeatureSetup - enabledFeatures: [chem, volsite, protrusion, bfactor, atom_table]
[INFO] Protein - SAS points: 5054
[INFO] Protein - exposed protein atoms: 1593 of 2094
[INFO] SLinkClusterer - clustering [123] elements
[INFO] SLinkClusterer - clusters: [id:0( 1 ), id:1( 1 ), id:5( 1 ), id:6( 1 ), id:14( 1 ), id:18( 13 ), id:43( 2 ), id:44( 2 ), id:48( 1 ), id:53( 31 ), id:65( 16 ), id:68( 2 ), id:79( 10 ), id:84( 9 ), id:88( 1 ), id:100( 18 ), id:103( 1 ), id:121( 9 ), id:122( 3 )]
[INFO] SLinkClusterer - clusters together: 123 / 123
[INFO] PocketPredictor - PREDICTING POCKETS.... ====================================
[INFO] PocketPredictor - SAS POINTS: 5054
[INFO] PocketPredictor - LIGANDABLE POINTS: 123
[INFO] PocketPredictor - CLUSTERS: 19
[INFO] PocketPredictor - FILTERED CLUSTERS: 8
[INFO] PocketPredictor - pocket 1 -  surf_atoms:  34   points:  31   score:   15.3
[INFO] PocketPredictor - pocket 2 -  surf_atoms:  28   points:  16   score:    7.0
[INFO] PocketPredictor - pocket 3 -  surf_atoms:  32   points:  18   score:    6.7
[INFO] PocketPredictor - pocket 4 -  surf_atoms:  27   points:  13   score:    4.7
[INFO] PocketPredictor - pocket 5 -  surf_atoms:  27   points:  10   score:    3.6
[INFO] PocketPredictor - pocket 6 -  surf_atoms:  17   points:   9   score:    3.2
[INFO] PocketPredictor - pocket 7 -  surf_atoms:  25   points:   9   score:    3.1
[INFO] PocketPredictor - pocket 8 -  surf_atoms:  11   points:   3   score:    1.0
[INFO] PredictionVisualizer - copying [/Volumes/PortableSSD/untitled folder/CRYPTAD/03_pocket_analysis/cryptic_inspection/S3_PICALM_ANTH/site473_frame384.pdb] to [03_pocket_analysis/p2rank_results/cryptic_frames/visualizations/data/site473_frame384.pdb]
[INFO] Console - predicting pockets finished in 0 hours 0 minutes 1.120 seconds
[INFO] Console - results saved to directory [/Volumes/PortableSSD/untitled folder/CRYPTAD/03_pocket_analysis/p2rank_results/cryptic_frames]
[INFO] Console - 
[INFO] Console - Finished successfully in 0 hours 0 minutes 1.505 seconds.
