2026-04-17 09:35:46,458 INFO:main.py:246:print_splash_screen:PDB2PQR v3.7.1: biomolecular structure conversion software.
2026-04-17 09:35:46,458 INFO:main.py:248:print_splash_screen:Please cite:  Jurrus E, et al.  Improvements to the APBS biomolecular solvation software suite.  Protein Sci 27 112-128 (2018).
2026-04-17 09:35:46,458 INFO:main.py:248:print_splash_screen:Please cite:  Dolinsky TJ, et al.  PDB2PQR: expanding and upgrading automated preparation of biomolecular structures for molecular simulations. Nucleic Acids Res 35 W522-W525 (2007).
2026-04-17 09:35:46,458 INFO:main.py:770:main_driver:Checking and transforming input arguments.
2026-04-17 09:35:46,458 INFO:main.py:774:main_driver:Loading topology files.
2026-04-17 09:35:46,476 INFO:main.py:776:main_driver:Loading molecule: /Volumes/PortableSSD/untitled folder/CRYPTAD/04_virtual_screening/selectivity/receptors/AChE/receptor_clean.pdb
2026-04-17 09:35:46,491 INFO:main.py:779:main_driver:Dropping water from structure.
2026-04-17 09:35:46,494 INFO:main.py:781:main_driver:Setting up molecule.
2026-04-17 09:35:46,508 INFO:main.py:423:setup_molecule:Created biomolecule object with 1065 residues and 8284 atoms.
2026-04-17 09:35:46,509 INFO:main.py:785:main_driver:Setting termini states for biomolecule chains.
2026-04-17 09:35:46,517 WARNING:biomolecule.py:618:update_bonds:Gap in backbone detected between PRO A 258 and ASN A 265!
2026-04-17 09:35:46,517 WARNING:biomolecule.py:618:update_bonds:Gap in backbone detected between ASP A 494 and PRO A 498!
2026-04-17 09:35:46,518 WARNING:biomolecule.py:618:update_bonds:Gap in backbone detected between PRO B 259 and THR B 262!
2026-04-17 09:35:46,518 WARNING:biomolecule.py:618:update_bonds:Gap in backbone detected between PRO B 492 and PRO B 495!
2026-04-17 09:35:46,518 INFO:main.py:616:non_trivial:Loading forcefield.
2026-04-17 09:35:46,521 INFO:main.py:620:non_trivial:Loading hydrogen topology definitions.
2026-04-17 09:35:46,523 WARNING:biomolecule.py:157:num_missing_heavy:Missing atom OXT in residue ALA A 542
2026-04-17 09:35:46,524 WARNING:biomolecule.py:157:num_missing_heavy:Missing atom OXT in residue ALA B 542
2026-04-17 09:35:46,525 WARNING:biomolecule.py:157:num_missing_heavy:Missing atom OXT in residue ALA A 542
2026-04-17 09:35:46,526 WARNING:biomolecule.py:157:num_missing_heavy:Missing atom OXT in residue ALA B 542
2026-04-17 09:35:46,526 INFO:main.py:630:non_trivial:Attempting to repair 2 missing atoms in biomolecule.
2026-04-17 09:35:46,526 WARNING:biomolecule.py:157:num_missing_heavy:Missing atom OXT in residue ALA A 542
2026-04-17 09:35:46,527 WARNING:biomolecule.py:157:num_missing_heavy:Missing atom OXT in residue ALA B 542
2026-04-17 09:35:46,528 INFO:biomolecule.py:1080:repair_heavy:Added atom OXT to residue ALA A 542 at coordinates -6.885, -35.072, -2.443
2026-04-17 09:35:46,529 INFO:biomolecule.py:1080:repair_heavy:Added atom OXT to residue ALA B 542 at coordinates -8.030, -37.625, -5.229
2026-04-17 09:35:46,529 INFO:main.py:635:non_trivial:Updating disulfide bridges.
2026-04-17 09:35:46,531 INFO:main.py:661:non_trivial:Adding hydrogens to biomolecule.
2026-04-17 09:35:46,904 INFO:main.py:666:non_trivial:Optimizing hydrogen bonds
2026-04-17 09:35:47,557 INFO:main.py:678:non_trivial:Applying force field to biomolecule states.
2026-04-17 09:35:47,564 INFO:main.py:725:non_trivial:Regenerating headers.
2026-04-17 09:35:47,565 INFO:main.py:750:non_trivial:Regenerating PDB lines.
2026-04-17 09:35:47,601 WARNING:main.py:326:print_pqr:Ignoring 392 header lines in output.
2026-04-17 09:35:47,644 WARNING:main.py:369:print_pdb:Ignoring 392 header lines in output.
